La génération a démarré 20/03/2012 17:29:40.
     1>Projet "C:\Users\Charlotte\Documents\cours\mif23\projet\code\Void\Code\Arches.vcxproj" sur le nœud 2 (build cible(s)).
     1>InitializeBuildStatus:
         Mise à jour de l'horodatage "Debug\Projet_Void.unsuccessfulbuild".
       CustomBuild:
         Moc'ing qte.h
       ClCompile:
         C:\Program Files (x86)\Microsoft Visual Studio 10.0\VC\bin\CL.exe /c /IC:\Qt\4.8.0\include /IC:\Users\Charlotte\Documents\cours\mif23\projet\code\Include /IC:\Users\Charlotte\Documents\cours\mif23\projet\code\GL\Include /IC:\Users\Charlotte\Documents\cours\mif23\projet\code\Include /Zi /nologo /W3 /WX- /Od /Oy- /D WIN32 /D _DEBUG /D _VC80_UPGRADE=0x0710 /D _MBCS /Gm- /EHsc /MDd /GS /fp:precise /Zc:wchar_t /Zc:forScope /Fo"Debug\\" /Fd"Debug\vc100.pdb" /Gd /TP /analyze- /errorReport:prompt qte.cpp /MP8 
         qte.cpp
       Link:
         C:\Program Files (x86)\Microsoft Visual Studio 10.0\VC\bin\link.exe /ERRORREPORT:PROMPT /OUT:"C:\Users\Charlotte\Documents\cours\mif23\projet\code\Void\Debug\Projet_Void.exe" /INCREMENTAL:NO /NOLOGO /LIBPATH:C:\Qt\4.8.0\lib /LIBPATH:C:\Users\Charlotte\Documents\cours\mif23\projet\code\Libs /LIBPATH:C:\Users\Charlotte\Documents\cours\mif23\projet\code\Libs /LIBPATH:C:\Users\Charlotte\Documents\cours\mif23\projet\code\GL\Library Core.lib Maya.lib glew32.lib opengl32.lib GlAux.lib glu32.lib QtCore4.lib QtOpenGL4.lib QtGui4.lib /NODEFAULTLIB:msvcrt.lib /MANIFEST /ManifestFile:"Debug\Projet_Void.exe.intermediate.manifest" /MANIFESTUAC:"level='asInvoker' uiAccess='false'" /DEBUG /PDB:"C:\Users\Charlotte\Documents\cours\mif23\projet\code\Void\Debug\Projet_Void.pdb" /ASSEMBLYDEBUG /TLBID:1 /DYNAMICBASE:NO /IMPLIB:"C:\Users\Charlotte\Documents\cours\mif23\projet\code\Void\Debug\Projet_Void.lib" /MACHINE:X86 Debug\ExecuteTool.obj
         Debug\main.obj
         Debug\qtemainwindow.obj
         Debug\qte.obj
         "Debug\File-Export.obj"
     1>Maya.lib(maya-geometry.obj) : warning LNK4217: symbole défini localement ??_D?$basic_ofstream@DU?$char_traits@D@std@@@std@@QAEXXZ (public: void __thiscall std::basic_ofstream<char,struct std::char_traits<char> >::`vbase destructor'(void)) importé dans la fonction "public: bool __thiscall MayaGeometry::SaveMaya(class QString const &)const " (?SaveMaya@MayaGeometry@@QBE_NABVQString@@@Z)
     1>Maya.lib(maya-geometry.obj) : warning LNK4217: symbole défini localement ?close@?$basic_ofstream@DU?$char_traits@D@std@@@std@@QAEXXZ (public: void __thiscall std::basic_ofstream<char,struct std::char_traits<char> >::close(void)) importé dans la fonction "public: bool __thiscall MayaGeometry::SaveMaya(class QString const &)const " (?SaveMaya@MayaGeometry@@QBE_NABVQString@@@Z)
     1>Maya.lib(maya-geometry.obj) : warning LNK4217: symbole défini localement ??0?$basic_ofstream@DU?$char_traits@D@std@@@std@@QAE@PBDHH@Z (public: __thiscall std::basic_ofstream<char,struct std::char_traits<char> >::basic_ofstream<char,struct std::char_traits<char> >(char const *,int,int)) importé dans la fonction "public: bool __thiscall MayaGeometry::SaveMaya(class QString const &)const " (?SaveMaya@MayaGeometry@@QBE_NABVQString@@@Z)
     1>Core.lib(matrix4.obj) : error LNK2001: symbole externe non résolu "__declspec(dllimport) public: int __thiscall std::basic_streambuf<char,struct std::char_traits<char> >::sputn(char const *,int)" (__imp_?sputn@?$basic_streambuf@DU?$char_traits@D@std@@@std@@QAEHPBDH@Z)
     1>Core.lib(triangle.obj) : error LNK2001: symbole externe non résolu "__declspec(dllimport) public: int __thiscall std::basic_streambuf<char,struct std::char_traits<char> >::sputn(char const *,int)" (__imp_?sputn@?$basic_streambuf@DU?$char_traits@D@std@@@std@@QAEHPBDH@Z)
     1>Core.lib(sphere.obj) : error LNK2001: symbole externe non résolu "__declspec(dllimport) public: int __thiscall std::basic_streambuf<char,struct std::char_traits<char> >::sputn(char const *,int)" (__imp_?sputn@?$basic_streambuf@DU?$char_traits@D@std@@@std@@QAEHPBDH@Z)
     1>Core.lib(box.obj) : error LNK2001: symbole externe non résolu "__declspec(dllimport) public: int __thiscall std::basic_streambuf<char,struct std::char_traits<char> >::sputn(char const *,int)" (__imp_?sputn@?$basic_streambuf@DU?$char_traits@D@std@@@std@@QAEHPBDH@Z)
     1>Core.lib(plane.obj) : error LNK2001: symbole externe non résolu "__declspec(dllimport) public: int __thiscall std::basic_streambuf<char,struct std::char_traits<char> >::sputn(char const *,int)" (__imp_?sputn@?$basic_streambuf@DU?$char_traits@D@std@@@std@@QAEHPBDH@Z)
     1>Core.lib(camera.obj) : error LNK2001: symbole externe non résolu "__declspec(dllimport) public: int __thiscall std::basic_streambuf<char,struct std::char_traits<char> >::sputn(char const *,int)" (__imp_?sputn@?$basic_streambuf@DU?$char_traits@D@std@@@std@@QAEHPBDH@Z)
     1>Core.lib(frame.obj) : error LNK2001: symbole externe non résolu "__declspec(dllimport) public: int __thiscall std::basic_streambuf<char,struct std::char_traits<char> >::sputn(char const *,int)" (__imp_?sputn@?$basic_streambuf@DU?$char_traits@D@std@@@std@@QAEHPBDH@Z)
     1>Maya.lib(maya-objects.obj) : error LNK2001: symbole externe non résolu "__declspec(dllimport) public: int __thiscall std::basic_streambuf<char,struct std::char_traits<char> >::sputn(char const *,int)" (__imp_?sputn@?$basic_streambuf@DU?$char_traits@D@std@@@std@@QAEHPBDH@Z)
     1>Maya.lib(maya-instancevbo.obj) : error LNK2001: symbole externe non résolu "__declspec(dllimport) public: int __thiscall std::basic_streambuf<char,struct std::char_traits<char> >::sputn(char const *,int)" (__imp_?sputn@?$basic_streambuf@DU?$char_traits@D@std@@@std@@QAEHPBDH@Z)
     1>Maya.lib(maya-instancevboall.obj) : error LNK2001: symbole externe non résolu "__declspec(dllimport) public: int __thiscall std::basic_streambuf<char,struct std::char_traits<char> >::sputn(char const *,int)" (__imp_?sputn@?$basic_streambuf@DU?$char_traits@D@std@@@std@@QAEHPBDH@Z)
     1>Maya.lib(maya-instancevboset.obj) : error LNK2001: symbole externe non résolu "__declspec(dllimport) public: int __thiscall std::basic_streambuf<char,struct std::char_traits<char> >::sputn(char const *,int)" (__imp_?sputn@?$basic_streambuf@DU?$char_traits@D@std@@@std@@QAEHPBDH@Z)
     1>Core.lib(evector.obj) : error LNK2019: symbole externe non résolu "__declspec(dllimport) public: int __thiscall std::basic_streambuf<char,struct std::char_traits<char> >::sputn(char const *,int)" (__imp_?sputn@?$basic_streambuf@DU?$char_traits@D@std@@@std@@QAEHPBDH@Z) référencé dans la fonction "class std::basic_ostream<char,struct std::char_traits<char> > & __cdecl std::operator<<<struct std::char_traits<char> >(class std::basic_ostream<char,struct std::char_traits<char> > &,char const *)" (??$?6U?$char_traits@D@std@@@std@@YAAAV?$basic_ostream@DU?$char_traits@D@std@@@0@AAV10@PBD@Z)
     1>Core.lib(matrix.obj) : error LNK2001: symbole externe non résolu "__declspec(dllimport) public: int __thiscall std::basic_streambuf<char,struct std::char_traits<char> >::sputn(char const *,int)" (__imp_?sputn@?$basic_streambuf@DU?$char_traits@D@std@@@std@@QAEHPBDH@Z)
     1>Maya.lib(maya-geometry.obj) : error LNK2001: symbole externe non résolu "__declspec(dllimport) public: int __thiscall std::basic_streambuf<char,struct std::char_traits<char> >::sputn(char const *,int)" (__imp_?sputn@?$basic_streambuf@DU?$char_traits@D@std@@@std@@QAEHPBDH@Z)
     1>Maya.lib(maya-glwidget.obj) : error LNK2001: symbole externe non résolu "__declspec(dllimport) public: int __thiscall std::basic_streambuf<char,struct std::char_traits<char> >::sputn(char const *,int)" (__imp_?sputn@?$basic_streambuf@DU?$char_traits@D@std@@@std@@QAEHPBDH@Z)
     1>Maya.lib(maya-geometry.obj) : error LNK2019: symbole externe non résolu "__declspec(dllimport) public: class std::basic_ostream<char,struct std::char_traits<char> > & __thiscall std::basic_ostream<char,struct std::char_traits<char> >::write(char const *,int)" (__imp_?write@?$basic_ostream@DU?$char_traits@D@std@@@std@@QAEAAV12@PBDH@Z) référencé dans la fonction "public: bool __thiscall MayaGeometry::SaveMaya(class QString const &)const " (?SaveMaya@MayaGeometry@@QBE_NABVQString@@@Z)
     1>C:\Users\Charlotte\Documents\cours\mif23\projet\code\Void\Debug\Projet_Void.exe : fatal error LNK1120: 2 externes non résolus
     1>Génération du projet "C:\Users\Charlotte\Documents\cours\mif23\projet\code\Void\Code\Arches.vcxproj" terminée (build cible(s)) -- ÉCHEC.

ÉCHEC de la build.

Temps écoulé 00:00:12.16
